<?xml version="1.0" encoding="UTF-8"?>
<!-- Generated by org.testng.reporters.JUnitXMLReporter -->
<testsuite ignored="16" hostname="IN-1T2N573" failures="0" tests="22" name="Surefire test" time="73.141" errors="0" timestamp="2022-12-09T11:56:54 IST">
  <testcase classname="Flipkart_TestCases.TC_01_RegistrationTest" name="User_Registration" time="2.71"/>
  <testcase classname="Flipkart_TestCases.TC_02_LoginTest" name="login" time="1.852"/>
  <testcase classname="Flipkart_TestCases.TC_02_LoginTest" name="login" time="1.491"/>
  <testcase classname="Flipkart_TestCases.TC_02_LoginTest" name="login" time="1.384"/>
  <testcase classname="Flipkart_TestCases.TC_02_LoginTest" name="login" time="1.446"/>
  <testcase classname="Flipkart_TestCases.TC_03_SearchTest" name="Search_Using_click" time="1.924"/>
  <testcase classname="Flipkart_TestCases.TC_03_SearchTest" name="Search_Using_click" time="2.43"/>
  <testcase classname="Flipkart_TestCases.TC_03_SearchTest" name="Search_Using_Icon" time="2.373"/>
  <testcase classname="Flipkart_TestCases.TC_03_SearchTest" name="Search_Using_Icon" time="2.307"/>
  <testcase classname="Flipkart_TestCases.TC_03_SearchTest" name="Search_From_DropDown" time="2.521"/>
  <testcase classname="Flipkart_TestCases.TC_03_SearchTest" name="Search_According_to_Brand" time="2.731"/>
  <testcase classname="Flipkart_TestCases.TC_04_Become_a_sellerTest" name="Verify_Seller_Person_NameTest" time="7.973"/>
  <testcase classname="Flipkart_TestCases.TC_05_Account_ActivityTest" name="Set_personal_information" time="4.755"/>
  <testcase classname="Flipkart_TestCases.TC_05_Account_ActivityTest" name="Manage_Address" time="3.221"/>
  <testcase classname="Flipkart_TestCases.TC_05_Account_ActivityTest" name="Explore_My_Coupons" time="2.144"/>
  <testcase classname="Flipkart_TestCases.TC_05_Account_ActivityTest" name="Explore_My_Notifications" time="2.115"/>
  <testcase classname="Flipkart_TestCases.TC_05_Account_ActivityTest" name="Explore_Gift_Cards" time="4.42"/>
  <testcase classname="Flipkart_TestCases.TC_06_Add_to_CartTest" name="Add_To_Cart_From_WishList" time="3.546"/>
  <testcase classname="Flipkart_TestCases.TC_06_Add_to_CartTest" name="Get_Total_Wishlist_items" time="9.737"/>
  <testcase classname="Flipkart_TestCases.TC_07_LogoTest" name="verify_logo_text" time="1.732"/>
  <testcase classname="Flipkart_TestCases.TC_07_LogoTest" name="verify_flipkart_plus" time="1.277"/>
  <testcase classname="Flipkart_TestCases.TC_08_LogOutTest" name="Log_Out" time="8.036"/>
  <testcase classname="Flipkart_TestCases.BaseClassTest" name="@AfterSuite tearDown" time="0.0">
    <ignored/>
  </testcase> <!-- @AfterSuite tearDown -->
  <testcase classname="Flipkart_TestCases.BaseClassTest" name="@AfterSuite tearDown" time="0.0">
    <ignored/>
  </testcase> <!-- @AfterSuite tearDown -->
  <testcase classname="Flipkart_TestCases.BaseClassTest" name="@AfterSuite tearDown" time="0.0">
    <ignored/>
  </testcase> <!-- @AfterSuite tearDown -->
  <testcase classname="Flipkart_TestCases.BaseClassTest" name="@AfterSuite tearDown" time="0.0">
    <ignored/>
  </testcase> <!-- @AfterSuite tearDown -->
  <testcase classname="Flipkart_TestCases.BaseClassTest" name="@AfterSuite tearDown" time="0.0">
    <ignored/>
  </testcase> <!-- @AfterSuite tearDown -->
  <testcase classname="Flipkart_TestCases.BaseClassTest" name="@AfterSuite tearDown" time="0.0">
    <ignored/>
  </testcase> <!-- @AfterSuite tearDown -->
  <testcase classname="Flipkart_TestCases.BaseClassTest" name="@BeforeSuite TestBrowser" time="0.0">
    <ignored/>
  </testcase> <!-- @BeforeSuite TestBrowser -->
  <testcase classname="Flipkart_TestCases.BaseClassTest" name="@BeforeSuite TestBrowser" time="0.0">
    <ignored/>
  </testcase> <!-- @BeforeSuite TestBrowser -->
  <testcase classname="Flipkart_TestCases.BaseClassTest" name="@BeforeSuite TestBrowser" time="0.0">
    <ignored/>
  </testcase> <!-- @BeforeSuite TestBrowser -->
  <testcase classname="Flipkart_TestCases.BaseClassTest" name="@BeforeSuite TestBrowser" time="0.0">
    <ignored/>
  </testcase> <!-- @BeforeSuite TestBrowser -->
  <testcase classname="Flipkart_TestCases.BaseClassTest" name="@AfterSuite tearDown" time="0.0">
    <ignored/>
  </testcase> <!-- @AfterSuite tearDown -->
  <testcase classname="Flipkart_TestCases.BaseClassTest" name="@BeforeSuite TestBrowser" time="0.0">
    <ignored/>
  </testcase> <!-- @BeforeSuite TestBrowser -->
  <testcase classname="Flipkart_TestCases.BaseClassTest" name="@BeforeSuite TestBrowser" time="0.0">
    <ignored/>
  </testcase> <!-- @BeforeSuite TestBrowser -->
  <testcase classname="Flipkart_TestCases.BaseClassTest" name="@AfterSuite tearDown" time="0.0">
    <ignored/>
  </testcase> <!-- @AfterSuite tearDown -->
  <testcase classname="Flipkart_TestCases.BaseClassTest" name="@BeforeSuite TestBrowser" time="0.0">
    <ignored/>
  </testcase> <!-- @BeforeSuite TestBrowser -->
  <testcase classname="Flipkart_TestCases.BaseClassTest" name="@BeforeSuite TestBrowser" time="0.0">
    <ignored/>
  </testcase> <!-- @BeforeSuite TestBrowser -->
</testsuite> <!-- Surefire test -->
