<?xml version="1.0" encoding="UTF-8"?>
<!-- Generated by org.testng.reporters.JUnitXMLReporter -->
<testsuite ignored="16" hostname="IN-1T2N573" failures="0" tests="22" name="Surefire test" time="101.216" errors="0" timestamp="2022-12-10T21:18:44 IST">
  <testcase classname="Flipkart_TestCases.TC_01_RegistrationTest" name="User_Registration" time="3.506"/>
  <testcase classname="Flipkart_TestCases.TC_02_LoginTest" name="login" time="1.885"/>
  <testcase classname="Flipkart_TestCases.TC_02_LoginTest" name="login" time="2.355"/>
  <testcase classname="Flipkart_TestCases.TC_02_LoginTest" name="login" time="1.544"/>
  <testcase classname="Flipkart_TestCases.TC_02_LoginTest" name="login" time="1.602"/>
  <testcase classname="Flipkart_TestCases.TC_03_SearchTest" name="Search_Using_click" time="2.523"/>
  <testcase classname="Flipkart_TestCases.TC_03_SearchTest" name="Search_Using_click" time="2.89"/>
  <testcase classname="Flipkart_TestCases.TC_03_SearchTest" name="Search_Using_Icon" time="3.164"/>
  <testcase classname="Flipkart_TestCases.TC_03_SearchTest" name="Search_Using_Icon" time="3.038"/>
  <testcase classname="Flipkart_TestCases.TC_03_SearchTest" name="Search_From_DropDown" time="2.988"/>
  <testcase classname="Flipkart_TestCases.TC_03_SearchTest" name="Search_According_to_Brand" time="3.5"/>
  <testcase classname="Flipkart_TestCases.TC_04_Become_a_sellerTest" name="Verify_Seller_Person_NameTest" time="10.04"/>
  <testcase classname="Flipkart_TestCases.TC_05_Account_ActivityTest" name="Set_personal_information" time="14.975"/>
  <testcase classname="Flipkart_TestCases.TC_05_Account_ActivityTest" name="Manage_Address" time="3.041"/>
  <testcase classname="Flipkart_TestCases.TC_05_Account_ActivityTest" name="Explore_My_Coupons" time="1.949"/>
  <testcase classname="Flipkart_TestCases.TC_05_Account_ActivityTest" name="Explore_My_Notifications" time="5.071"/>
  <testcase classname="Flipkart_TestCases.TC_05_Account_ActivityTest" name="Explore_Gift_Cards" time="4.89"/>
  <testcase classname="Flipkart_TestCases.TC_06_Add_to_CartTest" name="Add_To_Cart_From_WishList" time="12.727"/>
  <testcase classname="Flipkart_TestCases.TC_06_Add_to_CartTest" name="Get_Total_Wishlist_items" time="7.43"/>
  <testcase classname="Flipkart_TestCases.TC_07_LogoTest" name="verify_logo_text" time="2.287"/>
  <testcase classname="Flipkart_TestCases.TC_07_LogoTest" name="verify_flipkart_plus" time="1.356"/>
  <testcase classname="Flipkart_TestCases.TC_08_LogOutTest" name="Log_Out" time="7.064"/>
  <testcase classname="Flipkart_TestCases.BaseClassTest" name="@BeforeSuite TestBrowser" time="0.0">
    <ignored/>
  </testcase> <!-- @BeforeSuite TestBrowser -->
  <testcase classname="Flipkart_TestCases.BaseClassTest" name="@BeforeSuite TestBrowser" time="0.0">
    <ignored/>
  </testcase> <!-- @BeforeSuite TestBrowser -->
  <testcase classname="Flipkart_TestCases.BaseClassTest" name="@AfterSuite tearDown" time="0.0">
    <ignored/>
  </testcase> <!-- @AfterSuite tearDown -->
  <testcase classname="Flipkart_TestCases.BaseClassTest" name="@BeforeSuite TestBrowser" time="0.0">
    <ignored/>
  </testcase> <!-- @BeforeSuite TestBrowser -->
  <testcase classname="Flipkart_TestCases.BaseClassTest" name="@AfterSuite tearDown" time="0.0">
    <ignored/>
  </testcase> <!-- @AfterSuite tearDown -->
  <testcase classname="Flipkart_TestCases.BaseClassTest" name="@AfterSuite tearDown" time="0.0">
    <ignored/>
  </testcase> <!-- @AfterSuite tearDown -->
  <testcase classname="Flipkart_TestCases.BaseClassTest" name="@AfterSuite tearDown" time="0.0">
    <ignored/>
  </testcase> <!-- @AfterSuite tearDown -->
  <testcase classname="Flipkart_TestCases.BaseClassTest" name="@AfterSuite tearDown" time="0.0">
    <ignored/>
  </testcase> <!-- @AfterSuite tearDown -->
  <testcase classname="Flipkart_TestCases.BaseClassTest" name="@BeforeSuite TestBrowser" time="0.0">
    <ignored/>
  </testcase> <!-- @BeforeSuite TestBrowser -->
  <testcase classname="Flipkart_TestCases.BaseClassTest" name="@AfterSuite tearDown" time="0.0">
    <ignored/>
  </testcase> <!-- @AfterSuite tearDown -->
  <testcase classname="Flipkart_TestCases.BaseClassTest" name="@BeforeSuite TestBrowser" time="0.0">
    <ignored/>
  </testcase> <!-- @BeforeSuite TestBrowser -->
  <testcase classname="Flipkart_TestCases.BaseClassTest" name="@BeforeSuite TestBrowser" time="0.0">
    <ignored/>
  </testcase> <!-- @BeforeSuite TestBrowser -->
  <testcase classname="Flipkart_TestCases.BaseClassTest" name="@BeforeSuite TestBrowser" time="0.0">
    <ignored/>
  </testcase> <!-- @BeforeSuite TestBrowser -->
  <testcase classname="Flipkart_TestCases.BaseClassTest" name="@AfterSuite tearDown" time="0.0">
    <ignored/>
  </testcase> <!-- @AfterSuite tearDown -->
  <testcase classname="Flipkart_TestCases.BaseClassTest" name="@BeforeSuite TestBrowser" time="0.0">
    <ignored/>
  </testcase> <!-- @BeforeSuite TestBrowser -->
  <testcase classname="Flipkart_TestCases.BaseClassTest" name="@AfterSuite tearDown" time="0.0">
    <ignored/>
  </testcase> <!-- @AfterSuite tearDown -->
</testsuite> <!-- Surefire test -->
