<?xml version="1.0" encoding="UTF-8"?>
<!-- Generated by org.testng.reporters.JUnitXMLReporter -->
<testsuite ignored="4" hostname="IN-1T2N573" failures="0" tests="1" name="Default test" time="7.467" errors="0" timestamp="2022-12-10T21:33:58 IST">
  <testcase classname="Flipkart_TestCases.TC_05_Account_ActivityTest" name="Explore_Gift_Cards" time="7.403"/>
  <testcase classname="Flipkart_TestCases.TC_05_Account_ActivityTest" name="Explore_My_Coupons" time="0.0">
    <ignored/>
  </testcase> <!-- Explore_My_Coupons -->
  <testcase classname="Flipkart_TestCases.TC_05_Account_ActivityTest" name="Manage_Address" time="0.0">
    <ignored/>
  </testcase> <!-- Manage_Address -->
  <testcase classname="Flipkart_TestCases.TC_05_Account_ActivityTest" name="Set_personal_information" time="0.0">
    <ignored/>
  </testcase> <!-- Set_personal_information -->
  <testcase classname="Flipkart_TestCases.TC_05_Account_ActivityTest" name="Explore_My_Notifications" time="0.0">
    <ignored/>
  </testcase> <!-- Explore_My_Notifications -->
</testsuite> <!-- Default test -->
