<?xml version="1.0" encoding="UTF-8"?>
<testsuite xmlns:xsi="http://www.w3.org/2001/XMLSchema-instance" xsi:noNamespaceSchemaLocation="https://maven.apache.org/surefire/maven-surefire-plugin/xsd/surefire-test-report.xsd" name="TestSuite" time="201.445" tests="21" errors="0" skipped="0" failures="1">
  <properties>
[...]
</properties>
  <testcase name="User_Registration" classname="Flipkart_TestCases.TC_01_RegistrationTest" time="4.363"/>
  <testcase name="login" classname="Flipkart_TestCases.TC_02_LoginTest" time="7.032"/>
  <testcase name="login" classname="Flipkart_TestCases.TC_02_LoginTest" time="2.648"/>
  <testcase name="login" classname="Flipkart_TestCases.TC_02_LoginTest" time="2.872"/>
  <testcase name="login" classname="Flipkart_TestCases.TC_02_LoginTest" time="19.574"/>
  <testcase name="Search_Using_click" classname="Flipkart_TestCases.TC_03_SearchTest" time="3.775"/>
  <testcase name="Search_Using_click" classname="Flipkart_TestCases.TC_03_SearchTest" time="5.572"/>
  <testcase name="Search_Using_Icon" classname="Flipkart_TestCases.TC_03_SearchTest" time="4.655"/>
  <testcase name="Search_Using_Icon" classname="Flipkart_TestCases.TC_03_SearchTest" time="3.973"/>
  <testcase name="Search_From_DropDown" classname="Flipkart_TestCases.TC_03_SearchTest" time="4.14"/>
  <testcase name="Search_According_to_Brand" classname="Flipkart_TestCases.TC_03_SearchTest" time="15.235">
    <failure message="no such element: Unable to locate element: {&quot;method&quot;:&quot;xpath&quot;,&quot;selector&quot;:&quot;//body/div[@id=&apos;container&apos;]/div[1]/div[3]/div[2]/div[2]/div[1]/div[1]/div[1]/div[1]/div[1]/div[1]/div[1]/div[1]/a[1]/div[1]/img[1]&quot;}&#10;  (Session info: chrome=108.0.5359.99)&#10;For documentation on this error, please visit: https://www.seleniumhq.org/exceptions/no_such_element.html&#10;Build info: version: &apos;3.141.59&apos;, revision: &apos;e82be7d358&apos;, time: &apos;2018-11-14T08:17:03&apos;&#10;System info: host: &apos;IN-1T2N573&apos;, ip: &apos;192.168.43.10&apos;, os.name: &apos;Windows 10&apos;, os.arch: &apos;amd64&apos;, os.version: &apos;10.0&apos;, java.version: &apos;11.0.5&apos;&#10;Driver info: org.openqa.selenium.chrome.ChromeDriver&#10;Capabilities {acceptInsecureCerts: false, browserName: chrome, browserVersion: 108.0.5359.99, chrome: {chromedriverVersion: 108.0.5359.71 (1e0e3868ee06..., userDataDir: C:\Users\SAMAPT~1\AppData\L...}, goog:chromeOptions: {debuggerAddress: localhost:54935}, javascriptEnabled: true, networkConnectionEnabled: false, pageLoadStrategy: normal, platform: WINDOWS, platformName: WINDOWS, proxy: Proxy(), setWindowRect: true, strictFileInteractability: false, timeouts: {implicit: 0, pageLoad: 300000, script: 30000}, unhandledPromptBehavior: dismiss and notify, webauthn:extension:credBlob: true, webauthn:extension:largeBlob: true, webauthn:virtualAuthenticators: true}&#10;Session ID: 28f6e6bdb61d588d2b299ae37e1c019b&#10;*** Element info: {Using=xpath, value=//body/div[@id=&apos;container&apos;]/div[1]/div[3]/div[2]/div[2]/div[1]/div[1]/div[1]/div[1]/div[1]/div[1]/div[1]/div[1]/a[1]/div[1]/img[1]}" type="org.openqa.selenium.NoSuchElementException">org.openqa.selenium.NoSuchElementException: 
no such element: Unable to locate element: {"method":"xpath","selector":"//body/div[@id='container']/div[1]/div[3]/div[2]/div[2]/div[1]/div[1]/div[1]/div[1]/div[1]/div[1]/div[1]/div[1]/a[1]/div[1]/img[1]"}
  (Session info: chrome=108.0.5359.99)
For documentation on this error, please visit: https://www.seleniumhq.org/exceptions/no_such_element.html
Build info: version: '3.141.59', revision: 'e82be7d358', time: '2018-11-14T08:17:03'
System info: host: 'IN-1T2N573', ip: '192.168.43.10', os.name: 'Windows 10', os.arch: 'amd64', os.version: '10.0', java.version: '11.0.5'
Driver info: org.openqa.selenium.chrome.ChromeDriver
Capabilities {acceptInsecureCerts: false, browserName: chrome, browserVersion: 108.0.5359.99, chrome: {chromedriverVersion: 108.0.5359.71 (1e0e3868ee06..., userDataDir: C:\Users\SAMAPT~1\AppData\L...}, goog:chromeOptions: {debuggerAddress: localhost:54935}, javascriptEnabled: true, networkConnectionEnabled: false, pageLoadStrategy: normal, platform: WINDOWS, platformName: WINDOWS, proxy: Proxy(), setWindowRect: true, strictFileInteractability: false, timeouts: {implicit: 0, pageLoad: 300000, script: 30000}, unhandledPromptBehavior: dismiss and notify, webauthn:extension:credBlob: true, webauthn:extension:largeBlob: true, webauthn:virtualAuthenticators: true}
Session ID: 28f6e6bdb61d588d2b299ae37e1c019b
*** Element info: {Using=xpath, value=//body/div[@id='container']/div[1]/div[3]/div[2]/div[2]/div[1]/div[1]/div[1]/div[1]/div[1]/div[1]/div[1]/div[1]/a[1]/div[1]/img[1]}
	at Flipkart_TestCases.TC_03_SearchTest.Search_According_to_Brand(TC_03_SearchTest.java:69)
</failure>
    <system-out><![CDATA[[INFO ] 2022-12-12 12:59:38.924 [main] BaseClassTest - Test case successfully Executed
[INFO ] 2022-12-12 12:59:38.924 [main] BaseClassTest - Test Case Ended  :Search_From_DropDown
[INFO ] 2022-12-12 12:59:38.926 [main] BaseClassTest - Executing TestCase :Search_According_to_Brand
[INFO ] 2022-12-12 12:59:44.011 [main] BaseClassTest - Open Application URl
]]></system-out>
  </testcase>
  <testcase name="Verify_Seller_Person_NameTest" classname="Flipkart_TestCases.TC_04_Become_a_sellerTest" time="18.734"/>
  <testcase name="Set_personal_information" classname="Flipkart_TestCases.TC_05_Account_ActivityTest" time="23.372"/>
  <testcase name="Manage_Address" classname="Flipkart_TestCases.TC_05_Account_ActivityTest" time="7.098"/>
  <testcase name="Explore_My_Coupons" classname="Flipkart_TestCases.TC_05_Account_ActivityTest" time="3.842"/>
  <testcase name="Explore_My_Notifications" classname="Flipkart_TestCases.TC_05_Account_ActivityTest" time="3.123"/>
  <testcase name="Add_To_Cart_From_WishList" classname="Flipkart_TestCases.TC_06_Add_to_CartTest" time="13.641"/>
  <testcase name="Get_Total_Wishlist_items" classname="Flipkart_TestCases.TC_06_Add_to_CartTest" time="8.735"/>
  <testcase name="verify_logo_text" classname="Flipkart_TestCases.TC_07_LogoTest" time="2.298"/>
  <testcase name="verify_flipkart_plus" classname="Flipkart_TestCases.TC_07_LogoTest" time="1.662"/>
  <testcase name="Log_Out" classname="Flipkart_TestCases.TC_08_LogOutTest" time="5.432"/>
</testsuite>