<?xml version="1.0" encoding="UTF-8"?>
<testng-results ignored="16" total="38" passed="22" failed="0" skipped="0">
  <reporter-output>
  </reporter-output>
  <suite started-at="2022-12-10T21:17:02 IST" name="Surefire suite" finished-at="2022-12-10T21:18:44 IST" duration-ms="101216">
    <groups>
      <group name="AccountActivity">
        <method signature="TC_05_Account_ActivityTest.Set_personal_information(java.lang.Object,java.lang.Object,java.lang.Object)[pri:6, instance:Flipkart_TestCases.TC_05_Account_ActivityTest@51972dc7]" name="Set_personal_information" class="Flipkart_TestCases.TC_05_Account_ActivityTest"/>
        <method signature="TC_05_Account_ActivityTest.Manage_Address(java.lang.Object,java.lang.Object,java.lang.Object,java.lang.Object,java.lang.Object,java.lang.Object)[pri:7, instance:Flipkart_TestCases.TC_05_Account_ActivityTest@51972dc7]" name="Manage_Address" class="Flipkart_TestCases.TC_05_Account_ActivityTest"/>
        <method signature="TC_05_Account_ActivityTest.Explore_My_Coupons()[pri:8, instance:Flipkart_TestCases.TC_05_Account_ActivityTest@51972dc7]" name="Explore_My_Coupons" class="Flipkart_TestCases.TC_05_Account_ActivityTest"/>
        <method signature="TC_05_Account_ActivityTest.Explore_My_Notifications()[pri:9, instance:Flipkart_TestCases.TC_05_Account_ActivityTest@51972dc7]" name="Explore_My_Notifications" class="Flipkart_TestCases.TC_05_Account_ActivityTest"/>
        <method signature="TC_05_Account_ActivityTest.Explore_Gift_Cards()[pri:10, instance:Flipkart_TestCases.TC_05_Account_ActivityTest@51972dc7]" name="Explore_Gift_Cards" class="Flipkart_TestCases.TC_05_Account_ActivityTest"/>
      </group> <!-- AccountActivity -->
      <group name="Registration">
        <method signature="TC_01_RegistrationTest.User_Registration(java.lang.Object,java.lang.Object,java.lang.Object,java.lang.Object)[pri:0, instance:Flipkart_TestCases.TC_01_RegistrationTest@39a8312f]" name="User_Registration" class="Flipkart_TestCases.TC_01_RegistrationTest"/>
        <method signature="TC_02_LoginTest.login(java.lang.Object,java.lang.Object,java.lang.Object)[pri:1, instance:Flipkart_TestCases.TC_02_LoginTest@5f6722d3]" name="login" class="Flipkart_TestCases.TC_02_LoginTest"/>
      </group> <!-- Registration -->
      <group name="Search">
        <method signature="TC_03_SearchTest.Search_Using_click(java.lang.Object,java.lang.Object)[pri:2, instance:Flipkart_TestCases.TC_03_SearchTest@2c532cd8]" name="Search_Using_click" class="Flipkart_TestCases.TC_03_SearchTest"/>
        <method signature="TC_03_SearchTest.Search_Using_Icon(java.lang.Object,java.lang.Object)[pri:3, instance:Flipkart_TestCases.TC_03_SearchTest@2c532cd8]" name="Search_Using_Icon" class="Flipkart_TestCases.TC_03_SearchTest"/>
        <method signature="TC_03_SearchTest.Search_From_DropDown()[pri:4, instance:Flipkart_TestCases.TC_03_SearchTest@2c532cd8]" name="Search_From_DropDown" class="Flipkart_TestCases.TC_03_SearchTest"/>
        <method signature="TC_03_SearchTest.Search_According_to_Brand()[pri:5, instance:Flipkart_TestCases.TC_03_SearchTest@2c532cd8]" name="Search_According_to_Brand" class="Flipkart_TestCases.TC_03_SearchTest"/>
      </group> <!-- Search -->
      <group name="header">
        <method signature="TC_07_LogoTest.verify_logo_text()[pri:13, instance:Flipkart_TestCases.TC_07_LogoTest@2002348]" name="verify_logo_text" class="Flipkart_TestCases.TC_07_LogoTest"/>
        <method signature="TC_07_LogoTest.verify_flipkart_plus()[pri:14, instance:Flipkart_TestCases.TC_07_LogoTest@2002348]" name="verify_flipkart_plus" class="Flipkart_TestCases.TC_07_LogoTest"/>
        <method signature="TC_04_Become_a_sellerTest.Verify_Seller_Person_NameTest()[pri:15, instance:Flipkart_TestCases.TC_04_Become_a_sellerTest@294e5088]" name="Verify_Seller_Person_NameTest" class="Flipkart_TestCases.TC_04_Become_a_sellerTest"/>
      </group> <!-- header -->
      <group name="CartTest">
        <method signature="TC_06_Add_to_CartTest.Add_To_Cart_From_WishList()[pri:11, instance:Flipkart_TestCases.TC_06_Add_to_CartTest@3700ec9c]" name="Add_To_Cart_From_WishList" class="Flipkart_TestCases.TC_06_Add_to_CartTest"/>
        <method signature="TC_06_Add_to_CartTest.Get_Total_Wishlist_items()[pri:12, instance:Flipkart_TestCases.TC_06_Add_to_CartTest@3700ec9c]" name="Get_Total_Wishlist_items" class="Flipkart_TestCases.TC_06_Add_to_CartTest"/>
      </group> <!-- CartTest -->
      <group name="login">
        <method signature="TC_01_RegistrationTest.User_Registration(java.lang.Object,java.lang.Object,java.lang.Object,java.lang.Object)[pri:0, instance:Flipkart_TestCases.TC_01_RegistrationTest@39a8312f]" name="User_Registration" class="Flipkart_TestCases.TC_01_RegistrationTest"/>
        <method signature="TC_02_LoginTest.login(java.lang.Object,java.lang.Object,java.lang.Object)[pri:1, instance:Flipkart_TestCases.TC_02_LoginTest@5f6722d3]" name="login" class="Flipkart_TestCases.TC_02_LoginTest"/>
      </group> <!-- login -->
    </groups>
    <test started-at="2022-12-10T21:17:02 IST" name="Surefire test" finished-at="2022-12-10T21:18:44 IST" duration-ms="101216">
      <class name="Flipkart_TestCases.TC_02_LoginTest">
        <test-method signature="login(java.lang.Object,java.lang.Object,java.lang.Object)[pri:1, instance:Flipkart_TestCases.TC_02_LoginTest@5f6722d3]" started-at="2022-12-10T21:17:07 IST" name="login" data-provider="getData" finished-at="2022-12-10T21:17:09 IST" duration-ms="1885" status="PASS">
          <params>
            <param index="0">
              <value>
                <![CDATA[9382204358]]>
              </value>
            </param>
            <param index="1">
              <value>
                <![CDATA[ ]]>
              </value>
            </param>
            <param index="2">
              <value>
                <![CDATA[yes]]>
              </value>
            </param>
          </params>
          <reporter-output>
          </reporter-output>
        </test-method> <!-- login -->
        <test-method is-config="true" signature="StartTestCase(java.lang.reflect.Method)[pri:0, instance:Flipkart_TestCases.TC_02_LoginTest@5f6722d3]" started-at="2022-12-10T21:17:07 IST" name="StartTestCase" finished-at="2022-12-10T21:17:07 IST" duration-ms="0" status="PASS">
          <params>
            <param index="0">
              <value>
                <![CDATA[public static void Flipkart_TestCases.TC_02_LoginTest.login(java.lang.Object,java.lang.Object,java.lang.Object) throws java.lang.InterruptedException]]>
              </value>
            </param>
          </params>
          <reporter-output>
          </reporter-output>
        </test-method> <!-- StartTestCase -->
        <test-method is-config="true" signature="testCaseReport(org.testng.ITestResult)[pri:0, instance:Flipkart_TestCases.TC_02_LoginTest@5f6722d3]" started-at="2022-12-10T21:17:09 IST" name="testCaseReport" finished-at="2022-12-10T21:17:09 IST" duration-ms="0" status="PASS">
          <params>
            <param index="0">
              <value>
                <![CDATA[[TestResult name=login status=SUCCESS method=TC_02_LoginTest.login(java.lang.Object,java.lang.Object,java.lang.Object)[pri:1, instance:Flipkart_TestCases.TC_02_LoginTest@5f6722d3] output={null}]]]>
              </value>
            </param>
          </params>
          <reporter-output>
          </reporter-output>
        </test-method> <!-- testCaseReport -->
        <test-method is-config="true" signature="StartTestCase(java.lang.reflect.Method)[pri:0, instance:Flipkart_TestCases.TC_02_LoginTest@5f6722d3]" started-at="2022-12-10T21:17:09 IST" name="StartTestCase" finished-at="2022-12-10T21:17:09 IST" duration-ms="1" status="PASS">
          <params>
            <param index="0">
              <value>
                <![CDATA[public static void Flipkart_TestCases.TC_02_LoginTest.login(java.lang.Object,java.lang.Object,java.lang.Object) throws java.lang.InterruptedException]]>
              </value>
            </param>
          </params>
          <reporter-output>
          </reporter-output>
        </test-method> <!-- StartTestCase -->
        <test-method signature="login(java.lang.Object,java.lang.Object,java.lang.Object)[pri:1, instance:Flipkart_TestCases.TC_02_LoginTest@5f6722d3]" started-at="2022-12-10T21:17:09 IST" name="login" data-provider="getData" finished-at="2022-12-10T21:17:11 IST" duration-ms="2355" status="PASS">
          <params>
            <param index="0">
              <value>
                <![CDATA[ ]]>
              </value>
            </param>
            <param index="1">
              <value>
                <![CDATA[Rudra2023]]>
              </value>
            </param>
            <param index="2">
              <value>
                <![CDATA[yes]]>
              </value>
            </param>
          </params>
          <reporter-output>
          </reporter-output>
        </test-method> <!-- login -->
        <test-method is-config="true" signature="testCaseReport(org.testng.ITestResult)[pri:0, instance:Flipkart_TestCases.TC_02_LoginTest@5f6722d3]" started-at="2022-12-10T21:17:11 IST" name="testCaseReport" finished-at="2022-12-10T21:17:11 IST" duration-ms="1" status="PASS">
          <params>
            <param index="0">
              <value>
                <![CDATA[[TestResult name=login status=SUCCESS method=TC_02_LoginTest.login(java.lang.Object,java.lang.Object,java.lang.Object)[pri:1, instance:Flipkart_TestCases.TC_02_LoginTest@5f6722d3] output={null}]]]>
              </value>
            </param>
          </params>
          <reporter-output>
          </reporter-output>
        </test-method> <!-- testCaseReport -->
        <test-method is-config="true" signature="StartTestCase(java.lang.reflect.Method)[pri:0, instance:Flipkart_TestCases.TC_02_LoginTest@5f6722d3]" started-at="2022-12-10T21:17:11 IST" name="StartTestCase" finished-at="2022-12-10T21:17:11 IST" duration-ms="1" status="PASS">
          <params>
            <param index="0">
              <value>
                <![CDATA[public static void Flipkart_TestCases.TC_02_LoginTest.login(java.lang.Object,java.lang.Object,java.lang.Object) throws java.lang.InterruptedException]]>
              </value>
            </param>
          </params>
          <reporter-output>
          </reporter-output>
        </test-method> <!-- StartTestCase -->
        <test-method signature="login(java.lang.Object,java.lang.Object,java.lang.Object)[pri:1, instance:Flipkart_TestCases.TC_02_LoginTest@5f6722d3]" started-at="2022-12-10T21:17:11 IST" name="login" data-provider="getData" finished-at="2022-12-10T21:17:13 IST" duration-ms="1544" status="PASS">
          <params>
            <param index="0">
              <value>
                <![CDATA[ ]]>
              </value>
            </param>
            <param index="1">
              <value>
                <![CDATA[ ]]>
              </value>
            </param>
            <param index="2">
              <value>
                <![CDATA[yes]]>
              </value>
            </param>
          </params>
          <reporter-output>
          </reporter-output>
        </test-method> <!-- login -->
        <test-method is-config="true" signature="testCaseReport(org.testng.ITestResult)[pri:0, instance:Flipkart_TestCases.TC_02_LoginTest@5f6722d3]" started-at="2022-12-10T21:17:13 IST" name="testCaseReport" finished-at="2022-12-10T21:17:13 IST" duration-ms="1" status="PASS">
          <params>
            <param index="0">
              <value>
                <![CDATA[[TestResult name=login status=SUCCESS method=TC_02_LoginTest.login(java.lang.Object,java.lang.Object,java.lang.Object)[pri:1, instance:Flipkart_TestCases.TC_02_LoginTest@5f6722d3] output={null}]]]>
              </value>
            </param>
          </params>
          <reporter-output>
          </reporter-output>
        </test-method> <!-- testCaseReport -->
        <test-method is-config="true" signature="StartTestCase(java.lang.reflect.Method)[pri:0, instance:Flipkart_TestCases.TC_02_LoginTest@5f6722d3]" started-at="2022-12-10T21:17:13 IST" name="StartTestCase" finished-at="2022-12-10T21:17:13 IST" duration-ms="1" status="PASS">
          <params>
            <param index="0">
              <value>
                <![CDATA[public static void Flipkart_TestCases.TC_02_LoginTest.login(java.lang.Object,java.lang.Object,java.lang.Object) throws java.lang.InterruptedException]]>
              </value>
            </param>
          </params>
          <reporter-output>
          </reporter-output>
        </test-method> <!-- StartTestCase -->
        <test-method signature="login(java.lang.Object,java.lang.Object,java.lang.Object)[pri:1, instance:Flipkart_TestCases.TC_02_LoginTest@5f6722d3]" started-at="2022-12-10T21:17:13 IST" name="login" data-provider="getData" finished-at="2022-12-10T21:17:14 IST" duration-ms="1602" status="PASS">
          <params>
            <param index="0">
              <value>
                <![CDATA[9382204358]]>
              </value>
            </param>
            <param index="1">
              <value>
                <![CDATA[Rudra2023]]>
              </value>
            </param>
            <param index="2">
              <value>
                <![CDATA[yes]]>
              </value>
            </param>
          </params>
          <reporter-output>
          </reporter-output>
        </test-method> <!-- login -->
        <test-method is-config="true" signature="testCaseReport(org.testng.ITestResult)[pri:0, instance:Flipkart_TestCases.TC_02_LoginTest@5f6722d3]" started-at="2022-12-10T21:17:14 IST" name="testCaseReport" finished-at="2022-12-10T21:17:14 IST" duration-ms="1" status="PASS">
          <params>
            <param index="0">
              <value>
                <![CDATA[[TestResult name=login status=SUCCESS method=TC_02_LoginTest.login(java.lang.Object,java.lang.Object,java.lang.Object)[pri:1, instance:Flipkart_TestCases.TC_02_LoginTest@5f6722d3] output={null}]]]>
              </value>
            </param>
          </params>
          <reporter-output>
          </reporter-output>
        </test-method> <!-- testCaseReport -->
      </class> <!-- Flipkart_TestCases.TC_02_LoginTest -->
      <class name="Flipkart_TestCases.BaseClassTest">
        <test-method is-config="true" signature="TestBrowser()[pri:0, instance:Flipkart_TestCases.BaseClassTest@6c45ee6e]" started-at="2022-12-10T21:16:25 IST" name="TestBrowser" finished-at="2022-12-10T21:17:02 IST" duration-ms="37801" status="PASS">
          <reporter-output>
          </reporter-output>
        </test-method> <!-- TestBrowser -->
        <test-method is-config="true" signature="tearDown()[pri:0, instance:Flipkart_TestCases.BaseClassTest@6c45ee6e]" started-at="2022-12-10T21:18:44 IST" name="tearDown" finished-at="2022-12-10T21:18:45 IST" duration-ms="1415" status="PASS">
          <reporter-output>
          </reporter-output>
        </test-method> <!-- tearDown -->
      </class> <!-- Flipkart_TestCases.BaseClassTest -->
      <class name="Flipkart_TestCases.TC_08_LogOutTest">
        <test-method is-config="true" signature="StartTestCase(java.lang.reflect.Method)[pri:0, instance:Flipkart_TestCases.TC_08_LogOutTest@5911e990]" started-at="2022-12-10T21:18:37 IST" name="StartTestCase" finished-at="2022-12-10T21:18:37 IST" duration-ms="1" status="PASS">
          <params>
            <param index="0">
              <value>
                <![CDATA[public static void Flipkart_TestCases.TC_08_LogOutTest.Log_Out() throws java.lang.InterruptedException]]>
              </value>
            </param>
          </params>
          <reporter-output>
          </reporter-output>
        </test-method> <!-- StartTestCase -->
        <test-method signature="Log_Out()[pri:16, instance:Flipkart_TestCases.TC_08_LogOutTest@5911e990]" started-at="2022-12-10T21:18:37 IST" name="Log_Out" finished-at="2022-12-10T21:18:44 IST" duration-ms="7064" status="PASS">
          <reporter-output>
          </reporter-output>
        </test-method> <!-- Log_Out -->
        <test-method is-config="true" signature="testCaseReport(org.testng.ITestResult)[pri:0, instance:Flipkart_TestCases.TC_08_LogOutTest@5911e990]" started-at="2022-12-10T21:18:44 IST" name="testCaseReport" finished-at="2022-12-10T21:18:44 IST" duration-ms="1" status="PASS">
          <params>
            <param index="0">
              <value>
                <![CDATA[[TestResult name=Log_Out status=SUCCESS method=TC_08_LogOutTest.Log_Out()[pri:16, instance:Flipkart_TestCases.TC_08_LogOutTest@5911e990] output={null}]]]>
              </value>
            </param>
          </params>
          <reporter-output>
          </reporter-output>
        </test-method> <!-- testCaseReport -->
      </class> <!-- Flipkart_TestCases.TC_08_LogOutTest -->
      <class name="Flipkart_TestCases.TC_03_SearchTest">
        <test-method is-config="true" signature="StartTestCase(java.lang.reflect.Method)[pri:0, instance:Flipkart_TestCases.TC_03_SearchTest@2c532cd8]" started-at="2022-12-10T21:17:15 IST" name="StartTestCase" finished-at="2022-12-10T21:17:15 IST" duration-ms="0" status="PASS">
          <params>
            <param index="0">
              <value>
                <![CDATA[public static void Flipkart_TestCases.TC_03_SearchTest.Search_Using_click(java.lang.Object,java.lang.Object) throws java.lang.InterruptedException]]>
              </value>
            </param>
          </params>
          <reporter-output>
          </reporter-output>
        </test-method> <!-- StartTestCase -->
        <test-method signature="Search_Using_click(java.lang.Object,java.lang.Object)[pri:2, instance:Flipkart_TestCases.TC_03_SearchTest@2c532cd8]" started-at="2022-12-10T21:17:15 IST" name="Search_Using_click" data-provider="getData" finished-at="2022-12-10T21:17:17 IST" duration-ms="2523" status="PASS">
          <params>
            <param index="0">
              <value>
                <![CDATA[Mobile]]>
              </value>
            </param>
            <param index="1">
              <value>
                <![CDATA[yes]]>
              </value>
            </param>
          </params>
          <reporter-output>
          </reporter-output>
        </test-method> <!-- Search_Using_click -->
        <test-method is-config="true" signature="testCaseReport(org.testng.ITestResult)[pri:0, instance:Flipkart_TestCases.TC_03_SearchTest@2c532cd8]" started-at="2022-12-10T21:17:17 IST" name="testCaseReport" finished-at="2022-12-10T21:17:17 IST" duration-ms="1" status="PASS">
          <params>
            <param index="0">
              <value>
                <![CDATA[[TestResult name=Search_Using_click status=SUCCESS method=TC_03_SearchTest.Search_Using_click(java.lang.Object,java.lang.Object)[pri:2, instance:Flipkart_TestCases.TC_03_SearchTest@2c532cd8] output={null}]]]>
              </value>
            </param>
          </params>
          <reporter-output>
          </reporter-output>
        </test-method> <!-- testCaseReport -->
        <test-method is-config="true" signature="StartTestCase(java.lang.reflect.Method)[pri:0, instance:Flipkart_TestCases.TC_03_SearchTest@2c532cd8]" started-at="2022-12-10T21:17:17 IST" name="StartTestCase" finished-at="2022-12-10T21:17:17 IST" duration-ms="1" status="PASS">
          <params>
            <param index="0">
              <value>
                <![CDATA[public static void Flipkart_TestCases.TC_03_SearchTest.Search_Using_click(java.lang.Object,java.lang.Object) throws java.lang.InterruptedException]]>
              </value>
            </param>
          </params>
          <reporter-output>
          </reporter-output>
        </test-method> <!-- StartTestCase -->
        <test-method signature="Search_Using_click(java.lang.Object,java.lang.Object)[pri:2, instance:Flipkart_TestCases.TC_03_SearchTest@2c532cd8]" started-at="2022-12-10T21:17:17 IST" name="Search_Using_click" data-provider="getData" finished-at="2022-12-10T21:17:20 IST" duration-ms="2890" status="PASS">
          <params>
            <param index="0">
              <value>
                <![CDATA[Laptops]]>
              </value>
            </param>
            <param index="1">
              <value>
                <![CDATA[Yes]]>
              </value>
            </param>
          </params>
          <reporter-output>
          </reporter-output>
        </test-method> <!-- Search_Using_click -->
        <test-method is-config="true" signature="testCaseReport(org.testng.ITestResult)[pri:0, instance:Flipkart_TestCases.TC_03_SearchTest@2c532cd8]" started-at="2022-12-10T21:17:20 IST" name="testCaseReport" finished-at="2022-12-10T21:17:20 IST" duration-ms="1" status="PASS">
          <params>
            <param index="0">
              <value>
                <![CDATA[[TestResult name=Search_Using_click status=SUCCESS method=TC_03_SearchTest.Search_Using_click(java.lang.Object,java.lang.Object)[pri:2, instance:Flipkart_TestCases.TC_03_SearchTest@2c532cd8] output={null}]]]>
              </value>
            </param>
          </params>
          <reporter-output>
          </reporter-output>
        </test-method> <!-- testCaseReport -->
        <test-method is-config="true" signature="StartTestCase(java.lang.reflect.Method)[pri:0, instance:Flipkart_TestCases.TC_03_SearchTest@2c532cd8]" started-at="2022-12-10T21:17:20 IST" name="StartTestCase" finished-at="2022-12-10T21:17:20 IST" duration-ms="2" status="PASS">
          <params>
            <param index="0">
              <value>
                <![CDATA[public static void Flipkart_TestCases.TC_03_SearchTest.Search_Using_Icon(java.lang.Object,java.lang.Object) throws java.lang.InterruptedException]]>
              </value>
            </param>
          </params>
          <reporter-output>
          </reporter-output>
        </test-method> <!-- StartTestCase -->
        <test-method signature="Search_Using_Icon(java.lang.Object,java.lang.Object)[pri:3, instance:Flipkart_TestCases.TC_03_SearchTest@2c532cd8]" started-at="2022-12-10T21:17:20 IST" name="Search_Using_Icon" data-provider="getData" finished-at="2022-12-10T21:17:23 IST" duration-ms="3164" status="PASS">
          <params>
            <param index="0">
              <value>
                <![CDATA[Woman Tops]]>
              </value>
            </param>
            <param index="1">
              <value>
                <![CDATA[Yes]]>
              </value>
            </param>
          </params>
          <reporter-output>
          </reporter-output>
        </test-method> <!-- Search_Using_Icon -->
        <test-method is-config="true" signature="testCaseReport(org.testng.ITestResult)[pri:0, instance:Flipkart_TestCases.TC_03_SearchTest@2c532cd8]" started-at="2022-12-10T21:17:23 IST" name="testCaseReport" finished-at="2022-12-10T21:17:23 IST" duration-ms="1" status="PASS">
          <params>
            <param index="0">
              <value>
                <![CDATA[[TestResult name=Search_Using_Icon status=SUCCESS method=TC_03_SearchTest.Search_Using_Icon(java.lang.Object,java.lang.Object)[pri:3, instance:Flipkart_TestCases.TC_03_SearchTest@2c532cd8] output={null}]]]>
              </value>
            </param>
          </params>
          <reporter-output>
          </reporter-output>
        </test-method> <!-- testCaseReport -->
        <test-method is-config="true" signature="StartTestCase(java.lang.reflect.Method)[pri:0, instance:Flipkart_TestCases.TC_03_SearchTest@2c532cd8]" started-at="2022-12-10T21:17:23 IST" name="StartTestCase" finished-at="2022-12-10T21:17:23 IST" duration-ms="1" status="PASS">
          <params>
            <param index="0">
              <value>
                <![CDATA[public static void Flipkart_TestCases.TC_03_SearchTest.Search_Using_Icon(java.lang.Object,java.lang.Object) throws java.lang.InterruptedException]]>
              </value>
            </param>
          </params>
          <reporter-output>
          </reporter-output>
        </test-method> <!-- StartTestCase -->
        <test-method signature="Search_Using_Icon(java.lang.Object,java.lang.Object)[pri:3, instance:Flipkart_TestCases.TC_03_SearchTest@2c532cd8]" started-at="2022-12-10T21:17:23 IST" name="Search_Using_Icon" data-provider="getData" finished-at="2022-12-10T21:17:26 IST" duration-ms="3038" status="PASS">
          <params>
            <param index="0">
              <value>
                <![CDATA[Moisturizer]]>
              </value>
            </param>
            <param index="1">
              <value>
                <![CDATA[yes]]>
              </value>
            </param>
          </params>
          <reporter-output>
          </reporter-output>
        </test-method> <!-- Search_Using_Icon -->
        <test-method is-config="true" signature="testCaseReport(org.testng.ITestResult)[pri:0, instance:Flipkart_TestCases.TC_03_SearchTest@2c532cd8]" started-at="2022-12-10T21:17:26 IST" name="testCaseReport" finished-at="2022-12-10T21:17:26 IST" duration-ms="1" status="PASS">
          <params>
            <param index="0">
              <value>
                <![CDATA[[TestResult name=Search_Using_Icon status=SUCCESS method=TC_03_SearchTest.Search_Using_Icon(java.lang.Object,java.lang.Object)[pri:3, instance:Flipkart_TestCases.TC_03_SearchTest@2c532cd8] output={null}]]]>
              </value>
            </param>
          </params>
          <reporter-output>
          </reporter-output>
        </test-method> <!-- testCaseReport -->
        <test-method signature="Search_From_DropDown()[pri:4, instance:Flipkart_TestCases.TC_03_SearchTest@2c532cd8]" started-at="2022-12-10T21:17:26 IST" name="Search_From_DropDown" finished-at="2022-12-10T21:17:29 IST" duration-ms="2988" status="PASS">
          <reporter-output>
          </reporter-output>
        </test-method> <!-- Search_From_DropDown -->
        <test-method is-config="true" signature="StartTestCase(java.lang.reflect.Method)[pri:0, instance:Flipkart_TestCases.TC_03_SearchTest@2c532cd8]" started-at="2022-12-10T21:17:26 IST" name="StartTestCase" finished-at="2022-12-10T21:17:26 IST" duration-ms="0" status="PASS">
          <params>
            <param index="0">
              <value>
                <![CDATA[public static void Flipkart_TestCases.TC_03_SearchTest.Search_From_DropDown() throws java.lang.InterruptedException]]>
              </value>
            </param>
          </params>
          <reporter-output>
          </reporter-output>
        </test-method> <!-- StartTestCase -->
        <test-method is-config="true" signature="testCaseReport(org.testng.ITestResult)[pri:0, instance:Flipkart_TestCases.TC_03_SearchTest@2c532cd8]" started-at="2022-12-10T21:17:29 IST" name="testCaseReport" finished-at="2022-12-10T21:17:29 IST" duration-ms="1" status="PASS">
          <params>
            <param index="0">
              <value>
                <![CDATA[[TestResult name=Search_From_DropDown status=SUCCESS method=TC_03_SearchTest.Search_From_DropDown()[pri:4, instance:Flipkart_TestCases.TC_03_SearchTest@2c532cd8] output={null}]]]>
              </value>
            </param>
          </params>
          <reporter-output>
          </reporter-output>
        </test-method> <!-- testCaseReport -->
        <test-method is-config="true" signature="StartTestCase(java.lang.reflect.Method)[pri:0, instance:Flipkart_TestCases.TC_03_SearchTest@2c532cd8]" started-at="2022-12-10T21:17:29 IST" name="StartTestCase" finished-at="2022-12-10T21:17:29 IST" duration-ms="1" status="PASS">
          <params>
            <param index="0">
              <value>
                <![CDATA[public static void Flipkart_TestCases.TC_03_SearchTest.Search_According_to_Brand() throws java.lang.InterruptedException]]>
              </value>
            </param>
          </params>
          <reporter-output>
          </reporter-output>
        </test-method> <!-- StartTestCase -->
        <test-method signature="Search_According_to_Brand()[pri:5, instance:Flipkart_TestCases.TC_03_SearchTest@2c532cd8]" started-at="2022-12-10T21:17:29 IST" name="Search_According_to_Brand" finished-at="2022-12-10T21:17:33 IST" duration-ms="3500" status="PASS">
          <reporter-output>
          </reporter-output>
        </test-method> <!-- Search_According_to_Brand -->
        <test-method is-config="true" signature="testCaseReport(org.testng.ITestResult)[pri:0, instance:Flipkart_TestCases.TC_03_SearchTest@2c532cd8]" started-at="2022-12-10T21:17:33 IST" name="testCaseReport" finished-at="2022-12-10T21:17:33 IST" duration-ms="1" status="PASS">
          <params>
            <param index="0">
              <value>
                <![CDATA[[TestResult name=Search_According_to_Brand status=SUCCESS method=TC_03_SearchTest.Search_According_to_Brand()[pri:5, instance:Flipkart_TestCases.TC_03_SearchTest@2c532cd8] output={null}]]]>
              </value>
            </param>
          </params>
          <reporter-output>
          </reporter-output>
        </test-method> <!-- testCaseReport -->
      </class> <!-- Flipkart_TestCases.TC_03_SearchTest -->
      <class name="Flipkart_TestCases.TC_04_Become_a_sellerTest">
        <test-method is-config="true" signature="StartTestCase(java.lang.reflect.Method)[pri:0, instance:Flipkart_TestCases.TC_04_Become_a_sellerTest@294e5088]" started-at="2022-12-10T21:17:33 IST" name="StartTestCase" finished-at="2022-12-10T21:17:33 IST" duration-ms="2" status="PASS">
          <params>
            <param index="0">
              <value>
                <![CDATA[public static void Flipkart_TestCases.TC_04_Become_a_sellerTest.Verify_Seller_Person_NameTest() throws java.lang.InterruptedException]]>
              </value>
            </param>
          </params>
          <reporter-output>
          </reporter-output>
        </test-method> <!-- StartTestCase -->
        <test-method signature="Verify_Seller_Person_NameTest()[pri:15, instance:Flipkart_TestCases.TC_04_Become_a_sellerTest@294e5088]" started-at="2022-12-10T21:17:33 IST" name="Verify_Seller_Person_NameTest" finished-at="2022-12-10T21:17:43 IST" duration-ms="10040" status="PASS">
          <reporter-output>
          </reporter-output>
        </test-method> <!-- Verify_Seller_Person_NameTest -->
        <test-method is-config="true" signature="testCaseReport(org.testng.ITestResult)[pri:0, instance:Flipkart_TestCases.TC_04_Become_a_sellerTest@294e5088]" started-at="2022-12-10T21:17:43 IST" name="testCaseReport" finished-at="2022-12-10T21:17:43 IST" duration-ms="1" status="PASS">
          <params>
            <param index="0">
              <value>
                <![CDATA[[TestResult name=Verify_Seller_Person_NameTest status=SUCCESS method=TC_04_Become_a_sellerTest.Verify_Seller_Person_NameTest()[pri:15, instance:Flipkart_TestCases.TC_04_Become_a_sellerTest@294e5088] output={null}]]]>
              </value>
            </param>
          </params>
          <reporter-output>
          </reporter-output>
        </test-method> <!-- testCaseReport -->
      </class> <!-- Flipkart_TestCases.TC_04_Become_a_sellerTest -->
      <class name="Flipkart_TestCases.TC_07_LogoTest">
        <test-method is-config="true" signature="StartTestCase(java.lang.reflect.Method)[pri:0, instance:Flipkart_TestCases.TC_07_LogoTest@2002348]" started-at="2022-12-10T21:18:33 IST" name="StartTestCase" finished-at="2022-12-10T21:18:33 IST" duration-ms="1" status="PASS">
          <params>
            <param index="0">
              <value>
                <![CDATA[public void Flipkart_TestCases.TC_07_LogoTest.verify_logo_text() throws java.lang.InterruptedException]]>
              </value>
            </param>
          </params>
          <reporter-output>
          </reporter-output>
        </test-method> <!-- StartTestCase -->
        <test-method signature="verify_logo_text()[pri:13, instance:Flipkart_TestCases.TC_07_LogoTest@2002348]" started-at="2022-12-10T21:18:33 IST" name="verify_logo_text" finished-at="2022-12-10T21:18:35 IST" duration-ms="2287" status="PASS">
          <reporter-output>
          </reporter-output>
        </test-method> <!-- verify_logo_text -->
        <test-method is-config="true" signature="testCaseReport(org.testng.ITestResult)[pri:0, instance:Flipkart_TestCases.TC_07_LogoTest@2002348]" started-at="2022-12-10T21:18:35 IST" name="testCaseReport" finished-at="2022-12-10T21:18:35 IST" duration-ms="0" status="PASS">
          <params>
            <param index="0">
              <value>
                <![CDATA[[TestResult name=verify_logo_text status=SUCCESS method=TC_07_LogoTest.verify_logo_text()[pri:13, instance:Flipkart_TestCases.TC_07_LogoTest@2002348] output={null}]]]>
              </value>
            </param>
          </params>
          <reporter-output>
          </reporter-output>
        </test-method> <!-- testCaseReport -->
        <test-method signature="verify_flipkart_plus()[pri:14, instance:Flipkart_TestCases.TC_07_LogoTest@2002348]" started-at="2022-12-10T21:18:35 IST" name="verify_flipkart_plus" finished-at="2022-12-10T21:18:37 IST" duration-ms="1356" status="PASS">
          <reporter-output>
          </reporter-output>
        </test-method> <!-- verify_flipkart_plus -->
        <test-method is-config="true" signature="StartTestCase(java.lang.reflect.Method)[pri:0, instance:Flipkart_TestCases.TC_07_LogoTest@2002348]" started-at="2022-12-10T21:18:35 IST" name="StartTestCase" finished-at="2022-12-10T21:18:35 IST" duration-ms="0" status="PASS">
          <params>
            <param index="0">
              <value>
                <![CDATA[public void Flipkart_TestCases.TC_07_LogoTest.verify_flipkart_plus() throws java.lang.InterruptedException]]>
              </value>
            </param>
          </params>
          <reporter-output>
          </reporter-output>
        </test-method> <!-- StartTestCase -->
        <test-method is-config="true" signature="testCaseReport(org.testng.ITestResult)[pri:0, instance:Flipkart_TestCases.TC_07_LogoTest@2002348]" started-at="2022-12-10T21:18:37 IST" name="testCaseReport" finished-at="2022-12-10T21:18:37 IST" duration-ms="0" status="PASS">
          <params>
            <param index="0">
              <value>
                <![CDATA[[TestResult name=verify_flipkart_plus status=SUCCESS method=TC_07_LogoTest.verify_flipkart_plus()[pri:14, instance:Flipkart_TestCases.TC_07_LogoTest@2002348] output={null}]]]>
              </value>
            </param>
          </params>
          <reporter-output>
          </reporter-output>
        </test-method> <!-- testCaseReport -->
      </class> <!-- Flipkart_TestCases.TC_07_LogoTest -->
      <class name="Flipkart_TestCases.TC_05_Account_ActivityTest">
        <test-method signature="Set_personal_information(java.lang.Object,java.lang.Object,java.lang.Object)[pri:6, instance:Flipkart_TestCases.TC_05_Account_ActivityTest@51972dc7]" started-at="2022-12-10T21:17:43 IST" name="Set_personal_information" data-provider="getData" finished-at="2022-12-10T21:17:58 IST" duration-ms="14975" status="PASS">
          <params>
            <param index="0">
              <value>
                <![CDATA[Samapti]]>
              </value>
            </param>
            <param index="1">
              <value>
                <![CDATA[Rudra]]>
              </value>
            </param>
            <param index="2">
              <value>
                <![CDATA[yes]]>
              </value>
            </param>
          </params>
          <reporter-output>
          </reporter-output>
        </test-method> <!-- Set_personal_information -->
        <test-method is-config="true" signature="StartTestCase(java.lang.reflect.Method)[pri:0, instance:Flipkart_TestCases.TC_05_Account_ActivityTest@51972dc7]" started-at="2022-12-10T21:17:43 IST" name="StartTestCase" finished-at="2022-12-10T21:17:43 IST" duration-ms="0" status="PASS">
          <params>
            <param index="0">
              <value>
                <![CDATA[public static void Flipkart_TestCases.TC_05_Account_ActivityTest.Set_personal_information(java.lang.Object,java.lang.Object,java.lang.Object) throws java.lang.InterruptedException]]>
              </value>
            </param>
          </params>
          <reporter-output>
          </reporter-output>
        </test-method> <!-- StartTestCase -->
        <test-method is-config="true" signature="testCaseReport(org.testng.ITestResult)[pri:0, instance:Flipkart_TestCases.TC_05_Account_ActivityTest@51972dc7]" started-at="2022-12-10T21:17:58 IST" name="testCaseReport" finished-at="2022-12-10T21:17:58 IST" duration-ms="1" status="PASS">
          <params>
            <param index="0">
              <value>
                <![CDATA[[TestResult name=Set_personal_information status=SUCCESS method=TC_05_Account_ActivityTest.Set_personal_information(java.lang.Object,java.lang.Object,java.lang.Object)[pri:6, instance:Flipkart_TestCases.TC_05_Account_ActivityTest@51972dc7] output={null}]]]>
              </value>
            </param>
          </params>
          <reporter-output>
          </reporter-output>
        </test-method> <!-- testCaseReport -->
        <test-method signature="Manage_Address(java.lang.Object,java.lang.Object,java.lang.Object,java.lang.Object,java.lang.Object,java.lang.Object)[pri:7, instance:Flipkart_TestCases.TC_05_Account_ActivityTest@51972dc7]" started-at="2022-12-10T21:17:58 IST" name="Manage_Address" data-provider="getData" finished-at="2022-12-10T21:18:01 IST" duration-ms="3041" status="PASS">
          <params>
            <param index="0">
              <value>
                <![CDATA[Samapti]]>
              </value>
            </param>
            <param index="1">
              <value>
                <![CDATA[93822204358]]>
              </value>
            </param>
            <param index="2">
              <value>
                <![CDATA[713343]]>
              </value>
            </param>
            <param index="3">
              <value>
                <![CDATA[Kulti]]>
              </value>
            </param>
            <param index="4">
              <value>
                <![CDATA[Kulti Sripur Road]]>
              </value>
            </param>
            <param index="5">
              <value>
                <![CDATA[yes]]>
              </value>
            </param>
          </params>
          <reporter-output>
          </reporter-output>
        </test-method> <!-- Manage_Address -->
        <test-method is-config="true" signature="StartTestCase(java.lang.reflect.Method)[pri:0, instance:Flipkart_TestCases.TC_05_Account_ActivityTest@51972dc7]" started-at="2022-12-10T21:17:58 IST" name="StartTestCase" finished-at="2022-12-10T21:17:58 IST" duration-ms="0" status="PASS">
          <params>
            <param index="0">
              <value>
                <![CDATA[public static void Flipkart_TestCases.TC_05_Account_ActivityTest.Manage_Address(java.lang.Object,java.lang.Object,java.lang.Object,java.lang.Object,java.lang.Object,java.lang.Object) throws java.lang.InterruptedException]]>
              </value>
            </param>
          </params>
          <reporter-output>
          </reporter-output>
        </test-method> <!-- StartTestCase -->
        <test-method is-config="true" signature="testCaseReport(org.testng.ITestResult)[pri:0, instance:Flipkart_TestCases.TC_05_Account_ActivityTest@51972dc7]" started-at="2022-12-10T21:18:01 IST" name="testCaseReport" finished-at="2022-12-10T21:18:01 IST" duration-ms="1" status="PASS">
          <params>
            <param index="0">
              <value>
                <![CDATA[[TestResult name=Manage_Address status=SUCCESS method=TC_05_Account_ActivityTest.Manage_Address(java.lang.Object,java.lang.Object,java.lang.Object,java.lang.Object,java.lang.Object,java.lang.Object)[pri:7, instance:Flipkart_TestCases.TC_05_Account_ActivityTest@51972dc7] output={null}]]]>
              </value>
            </param>
          </params>
          <reporter-output>
          </reporter-output>
        </test-method> <!-- testCaseReport -->
        <test-method signature="Explore_My_Coupons()[pri:8, instance:Flipkart_TestCases.TC_05_Account_ActivityTest@51972dc7]" started-at="2022-12-10T21:18:01 IST" name="Explore_My_Coupons" finished-at="2022-12-10T21:18:03 IST" duration-ms="1949" status="PASS">
          <reporter-output>
          </reporter-output>
        </test-method> <!-- Explore_My_Coupons -->
        <test-method is-config="true" signature="StartTestCase(java.lang.reflect.Method)[pri:0, instance:Flipkart_TestCases.TC_05_Account_ActivityTest@51972dc7]" started-at="2022-12-10T21:18:01 IST" name="StartTestCase" finished-at="2022-12-10T21:18:01 IST" duration-ms="0" status="PASS">
          <params>
            <param index="0">
              <value>
                <![CDATA[public static void Flipkart_TestCases.TC_05_Account_ActivityTest.Explore_My_Coupons() throws java.lang.InterruptedException]]>
              </value>
            </param>
          </params>
          <reporter-output>
          </reporter-output>
        </test-method> <!-- StartTestCase -->
        <test-method is-config="true" signature="testCaseReport(org.testng.ITestResult)[pri:0, instance:Flipkart_TestCases.TC_05_Account_ActivityTest@51972dc7]" started-at="2022-12-10T21:18:03 IST" name="testCaseReport" finished-at="2022-12-10T21:18:03 IST" duration-ms="1" status="PASS">
          <params>
            <param index="0">
              <value>
                <![CDATA[[TestResult name=Explore_My_Coupons status=SUCCESS method=TC_05_Account_ActivityTest.Explore_My_Coupons()[pri:8, instance:Flipkart_TestCases.TC_05_Account_ActivityTest@51972dc7] output={null}]]]>
              </value>
            </param>
          </params>
          <reporter-output>
          </reporter-output>
        </test-method> <!-- testCaseReport -->
        <test-method is-config="true" signature="StartTestCase(java.lang.reflect.Method)[pri:0, instance:Flipkart_TestCases.TC_05_Account_ActivityTest@51972dc7]" started-at="2022-12-10T21:18:03 IST" name="StartTestCase" finished-at="2022-12-10T21:18:03 IST" duration-ms="2" status="PASS">
          <params>
            <param index="0">
              <value>
                <![CDATA[public static void Flipkart_TestCases.TC_05_Account_ActivityTest.Explore_My_Notifications() throws java.lang.InterruptedException]]>
              </value>
            </param>
          </params>
          <reporter-output>
          </reporter-output>
        </test-method> <!-- StartTestCase -->
        <test-method signature="Explore_My_Notifications()[pri:9, instance:Flipkart_TestCases.TC_05_Account_ActivityTest@51972dc7]" started-at="2022-12-10T21:18:03 IST" name="Explore_My_Notifications" finished-at="2022-12-10T21:18:08 IST" duration-ms="5071" status="PASS">
          <reporter-output>
          </reporter-output>
        </test-method> <!-- Explore_My_Notifications -->
        <test-method is-config="true" signature="testCaseReport(org.testng.ITestResult)[pri:0, instance:Flipkart_TestCases.TC_05_Account_ActivityTest@51972dc7]" started-at="2022-12-10T21:18:08 IST" name="testCaseReport" finished-at="2022-12-10T21:18:08 IST" duration-ms="2" status="PASS">
          <params>
            <param index="0">
              <value>
                <![CDATA[[TestResult name=Explore_My_Notifications status=SUCCESS method=TC_05_Account_ActivityTest.Explore_My_Notifications()[pri:9, instance:Flipkart_TestCases.TC_05_Account_ActivityTest@51972dc7] output={null}]]]>
              </value>
            </param>
          </params>
          <reporter-output>
          </reporter-output>
        </test-method> <!-- testCaseReport -->
        <test-method is-config="true" signature="StartTestCase(java.lang.reflect.Method)[pri:0, instance:Flipkart_TestCases.TC_05_Account_ActivityTest@51972dc7]" started-at="2022-12-10T21:18:08 IST" name="StartTestCase" finished-at="2022-12-10T21:18:08 IST" duration-ms="1" status="PASS">
          <params>
            <param index="0">
              <value>
                <![CDATA[public static void Flipkart_TestCases.TC_05_Account_ActivityTest.Explore_Gift_Cards() throws java.lang.InterruptedException]]>
              </value>
            </param>
          </params>
          <reporter-output>
          </reporter-output>
        </test-method> <!-- StartTestCase -->
        <test-method signature="Explore_Gift_Cards()[pri:10, instance:Flipkart_TestCases.TC_05_Account_ActivityTest@51972dc7]" started-at="2022-12-10T21:18:08 IST" name="Explore_Gift_Cards" finished-at="2022-12-10T21:18:13 IST" duration-ms="4890" status="PASS">
          <reporter-output>
          </reporter-output>
        </test-method> <!-- Explore_Gift_Cards -->
        <test-method is-config="true" signature="testCaseReport(org.testng.ITestResult)[pri:0, instance:Flipkart_TestCases.TC_05_Account_ActivityTest@51972dc7]" started-at="2022-12-10T21:18:13 IST" name="testCaseReport" finished-at="2022-12-10T21:18:13 IST" duration-ms="1" status="PASS">
          <params>
            <param index="0">
              <value>
                <![CDATA[[TestResult name=Explore_Gift_Cards status=SUCCESS method=TC_05_Account_ActivityTest.Explore_Gift_Cards()[pri:10, instance:Flipkart_TestCases.TC_05_Account_ActivityTest@51972dc7] output={null}]]]>
              </value>
            </param>
          </params>
          <reporter-output>
          </reporter-output>
        </test-method> <!-- testCaseReport -->
      </class> <!-- Flipkart_TestCases.TC_05_Account_ActivityTest -->
      <class name="Flipkart_TestCases.TC_06_Add_to_CartTest">
        <test-method is-config="true" signature="StartTestCase(java.lang.reflect.Method)[pri:0, instance:Flipkart_TestCases.TC_06_Add_to_CartTest@3700ec9c]" started-at="2022-12-10T21:18:13 IST" name="StartTestCase" finished-at="2022-12-10T21:18:13 IST" duration-ms="1" status="PASS">
          <params>
            <param index="0">
              <value>
                <![CDATA[public static void Flipkart_TestCases.TC_06_Add_to_CartTest.Add_To_Cart_From_WishList() throws java.lang.InterruptedException]]>
              </value>
            </param>
          </params>
          <reporter-output>
          </reporter-output>
        </test-method> <!-- StartTestCase -->
        <test-method signature="Add_To_Cart_From_WishList()[pri:11, instance:Flipkart_TestCases.TC_06_Add_to_CartTest@3700ec9c]" started-at="2022-12-10T21:18:13 IST" name="Add_To_Cart_From_WishList" finished-at="2022-12-10T21:18:26 IST" duration-ms="12727" status="PASS">
          <reporter-output>
          </reporter-output>
        </test-method> <!-- Add_To_Cart_From_WishList -->
        <test-method is-config="true" signature="testCaseReport(org.testng.ITestResult)[pri:0, instance:Flipkart_TestCases.TC_06_Add_to_CartTest@3700ec9c]" started-at="2022-12-10T21:18:26 IST" name="testCaseReport" finished-at="2022-12-10T21:18:26 IST" duration-ms="1" status="PASS">
          <params>
            <param index="0">
              <value>
                <![CDATA[[TestResult name=Add_To_Cart_From_WishList status=SUCCESS method=TC_06_Add_to_CartTest.Add_To_Cart_From_WishList()[pri:11, instance:Flipkart_TestCases.TC_06_Add_to_CartTest@3700ec9c] output={null}]]]>
              </value>
            </param>
          </params>
          <reporter-output>
          </reporter-output>
        </test-method> <!-- testCaseReport -->
        <test-method is-config="true" signature="StartTestCase(java.lang.reflect.Method)[pri:0, instance:Flipkart_TestCases.TC_06_Add_to_CartTest@3700ec9c]" started-at="2022-12-10T21:18:26 IST" name="StartTestCase" finished-at="2022-12-10T21:18:26 IST" duration-ms="1" status="PASS">
          <params>
            <param index="0">
              <value>
                <![CDATA[public static void Flipkart_TestCases.TC_06_Add_to_CartTest.Get_Total_Wishlist_items() throws java.lang.InterruptedException]]>
              </value>
            </param>
          </params>
          <reporter-output>
          </reporter-output>
        </test-method> <!-- StartTestCase -->
        <test-method signature="Get_Total_Wishlist_items()[pri:12, instance:Flipkart_TestCases.TC_06_Add_to_CartTest@3700ec9c]" started-at="2022-12-10T21:18:26 IST" name="Get_Total_Wishlist_items" finished-at="2022-12-10T21:18:33 IST" duration-ms="7430" status="PASS">
          <reporter-output>
          </reporter-output>
        </test-method> <!-- Get_Total_Wishlist_items -->
        <test-method is-config="true" signature="testCaseReport(org.testng.ITestResult)[pri:0, instance:Flipkart_TestCases.TC_06_Add_to_CartTest@3700ec9c]" started-at="2022-12-10T21:18:33 IST" name="testCaseReport" finished-at="2022-12-10T21:18:33 IST" duration-ms="1" status="PASS">
          <params>
            <param index="0">
              <value>
                <![CDATA[[TestResult name=Get_Total_Wishlist_items status=SUCCESS method=TC_06_Add_to_CartTest.Get_Total_Wishlist_items()[pri:12, instance:Flipkart_TestCases.TC_06_Add_to_CartTest@3700ec9c] output={null}]]]>
              </value>
            </param>
          </params>
          <reporter-output>
          </reporter-output>
        </test-method> <!-- testCaseReport -->
      </class> <!-- Flipkart_TestCases.TC_06_Add_to_CartTest -->
      <class name="Flipkart_TestCases.TC_01_RegistrationTest">
        <test-method is-config="true" signature="StartTestCase(java.lang.reflect.Method)[pri:0, instance:Flipkart_TestCases.TC_01_RegistrationTest@39a8312f]" started-at="2022-12-10T21:17:04 IST" name="StartTestCase" finished-at="2022-12-10T21:17:04 IST" duration-ms="4" status="PASS">
          <params>
            <param index="0">
              <value>
                <![CDATA[public static void Flipkart_TestCases.TC_01_RegistrationTest.User_Registration(java.lang.Object,java.lang.Object,java.lang.Object,java.lang.Object) throws java.lang.InterruptedException]]>
              </value>
            </param>
          </params>
          <reporter-output>
          </reporter-output>
        </test-method> <!-- StartTestCase -->
        <test-method signature="User_Registration(java.lang.Object,java.lang.Object,java.lang.Object,java.lang.Object)[pri:0, instance:Flipkart_TestCases.TC_01_RegistrationTest@39a8312f]" started-at="2022-12-10T21:17:04 IST" name="User_Registration" data-provider="getData" finished-at="2022-12-10T21:17:07 IST" duration-ms="3506" status="PASS">
          <params>
            <param index="0">
              <value>
                <![CDATA[9832845457]]>
              </value>
            </param>
            <param index="1">
              <value>
                <![CDATA[987067]]>
              </value>
            </param>
            <param index="2">
              <value>
                <![CDATA[Rudra2023]]>
              </value>
            </param>
            <param index="3">
              <value>
                <![CDATA[yes]]>
              </value>
            </param>
          </params>
          <reporter-output>
          </reporter-output>
        </test-method> <!-- User_Registration -->
        <test-method is-config="true" signature="testCaseReport(org.testng.ITestResult)[pri:0, instance:Flipkart_TestCases.TC_01_RegistrationTest@39a8312f]" started-at="2022-12-10T21:17:07 IST" name="testCaseReport" finished-at="2022-12-10T21:17:07 IST" duration-ms="2" status="PASS">
          <params>
            <param index="0">
              <value>
                <![CDATA[[TestResult name=User_Registration status=SUCCESS method=TC_01_RegistrationTest.User_Registration(java.lang.Object,java.lang.Object,java.lang.Object,java.lang.Object)[pri:0, instance:Flipkart_TestCases.TC_01_RegistrationTest@39a8312f] output={null}]]]>
              </value>
            </param>
          </params>
          <reporter-output>
          </reporter-output>
        </test-method> <!-- testCaseReport -->
      </class> <!-- Flipkart_TestCases.TC_01_RegistrationTest -->
    </test> <!-- Surefire test -->
  </suite> <!-- Surefire suite -->
</testng-results>
