<?xml version="1.0" encoding="UTF-8"?>
<testng-results ignored="4" total="5" passed="1" failed="0" skipped="0">
  <reporter-output>
  </reporter-output>
  <suite started-at="2022-12-10T21:33:51 IST" name="Default suite" finished-at="2022-12-10T21:33:58 IST" duration-ms="7467">
    <groups>
      <group name="AccountActivity">
        <method signature="TC_05_Account_ActivityTest.Explore_Gift_Cards()[pri:10, instance:Flipkart_TestCases.TC_05_Account_ActivityTest@f001896]" name="Explore_Gift_Cards" class="Flipkart_TestCases.TC_05_Account_ActivityTest"/>
      </group> <!-- AccountActivity -->
    </groups>
    <test started-at="2022-12-10T21:33:51 IST" name="Default test" finished-at="2022-12-10T21:33:58 IST" duration-ms="7467">
      <class name="Flipkart_TestCases.TC_05_Account_ActivityTest">
        <test-method is-config="true" signature="TestBrowser()[pri:0, instance:Flipkart_TestCases.TC_05_Account_ActivityTest@f001896]" started-at="2022-12-10T21:32:40 IST" name="TestBrowser" finished-at="2022-12-10T21:33:51 IST" duration-ms="70816" status="PASS">
          <reporter-output>
          </reporter-output>
        </test-method> <!-- TestBrowser -->
        <test-method is-config="true" signature="StartTestCase(java.lang.reflect.Method)[pri:0, instance:Flipkart_TestCases.TC_05_Account_ActivityTest@f001896]" started-at="2022-12-10T21:33:51 IST" name="StartTestCase" finished-at="2022-12-10T21:33:51 IST" duration-ms="10" status="PASS">
          <params>
            <param index="0">
              <value>
                <![CDATA[public static void Flipkart_TestCases.TC_05_Account_ActivityTest.Explore_Gift_Cards() throws java.lang.InterruptedException]]>
              </value>
            </param>
          </params>
          <reporter-output>
          </reporter-output>
        </test-method> <!-- StartTestCase -->
        <test-method signature="Explore_Gift_Cards()[pri:10, instance:Flipkart_TestCases.TC_05_Account_ActivityTest@f001896]" started-at="2022-12-10T21:33:51 IST" name="Explore_Gift_Cards" finished-at="2022-12-10T21:33:58 IST" duration-ms="7403" status="PASS">
          <reporter-output>
          </reporter-output>
        </test-method> <!-- Explore_Gift_Cards -->
        <test-method is-config="true" signature="testCaseReport(org.testng.ITestResult)[pri:0, instance:Flipkart_TestCases.TC_05_Account_ActivityTest@f001896]" started-at="2022-12-10T21:33:58 IST" name="testCaseReport" finished-at="2022-12-10T21:33:58 IST" duration-ms="2" status="PASS">
          <params>
            <param index="0">
              <value>
                <![CDATA[[TestResult name=Explore_Gift_Cards status=SUCCESS method=TC_05_Account_ActivityTest.Explore_Gift_Cards()[pri:10, instance:Flipkart_TestCases.TC_05_Account_ActivityTest@f001896] output={null}]]]>
              </value>
            </param>
          </params>
          <reporter-output>
          </reporter-output>
        </test-method> <!-- testCaseReport -->
        <test-method is-config="true" signature="tearDown()[pri:0, instance:Flipkart_TestCases.TC_05_Account_ActivityTest@f001896]" started-at="2022-12-10T21:33:58 IST" name="tearDown" finished-at="2022-12-10T21:34:00 IST" duration-ms="1172" status="PASS">
          <reporter-output>
          </reporter-output>
        </test-method> <!-- tearDown -->
      </class> <!-- Flipkart_TestCases.TC_05_Account_ActivityTest -->
    </test> <!-- Default test -->
  </suite> <!-- Default suite -->
</testng-results>
